<?xml version="1.0" encoding="UTF-8"?>
<!-- Generated by org.testng.reporters.JUnitReportReporter -->
<testsuite hostname="QA001Ohio" failures="0" tests="1" name="com.hrsoft.test.zdrafts.CrateDataObjectAddDataFields" time="0.026" errors="0" timestamp="2023-08-11T14:21:11 UTC" skipped="0">
  <testcase classname="com.hrsoft.test.zdrafts.CrateDataObjectAddDataFields" name="addDataFields" time="0.026"/>
</testsuite> <!-- com.hrsoft.test.zdrafts.CrateDataObjectAddDataFields -->
