<?xml version="1.0" encoding="UTF-8"?>
<!-- Generated by org.testng.reporters.JUnitReportReporter -->
<testsuite hostname="QA001Ohio" failures="0" tests="38" name="com.hrsoft.test.datamanagement.ApiFeedTestSuite" time="77.863" errors="2" timestamp="2023-08-02T15:02:58 UTC" skipped="36">
  <testcase classname="com.hrsoft.test.datamanagement.ApiFeedTestSuite" name="SMAPI30_UMEI_API_apiFeedPreviewTest_UltiPlatformEmpSpares" time="2.015">
    <skipped/>
  </testcase> <!-- SMAPI30_UMEI_API_apiFeedPreviewTest_UltiPlatformEmpSpares -->
  <testcase classname="com.hrsoft.test.datamanagement.ApiFeedTestSuite" name="SMAPI11_UMEI_API_editTransformValueAndActiveStatusTest" time="2.126">
    <skipped/>
  </testcase> <!-- SMAPI11_UMEI_API_editTransformValueAndActiveStatusTest -->
  <testcase classname="com.hrsoft.test.datamanagement.ApiFeedTestSuite" name="SMAPI41_UMEI_API_previewGridForActiveStatusOfRemoveTermTest" time="1.917">
    <skipped/>
  </testcase> <!-- SMAPI41_UMEI_API_previewGridForActiveStatusOfRemoveTermTest -->
  <testcase classname="com.hrsoft.test.datamanagement.ApiFeedTestSuite" name="SMAPI07_UMEI_API_editADPSetIdAttributeTest" time="2.514">
    <skipped/>
  </testcase> <!-- SMAPI07_UMEI_API_editADPSetIdAttributeTest -->
  <testcase classname="com.hrsoft.test.datamanagement.ApiFeedTestSuite" name="SMAPI15_UMEI_API_apiFeedPreviewTest_UltiJobCode" time="2.108">
    <skipped/>
  </testcase> <!-- SMAPI15_UMEI_API_apiFeedPreviewTest_UltiJobCode -->
  <testcase classname="com.hrsoft.test.datamanagement.ApiFeedTestSuite" name="SMAPI38_UMEI_API_previewGridAndCheckForTransformValueOfCurrencyCodeTest" time="2.583">
    <skipped/>
  </testcase> <!-- SMAPI38_UMEI_API_previewGridAndCheckForTransformValueOfCurrencyCodeTest -->
  <testcase classname="com.hrsoft.test.datamanagement.ApiFeedTestSuite" name="SMAPI25_UMEI_API_apiFeedImportTest_UltiEmpSpare" time="2.092">
    <skipped/>
  </testcase> <!-- SMAPI25_UMEI_API_apiFeedImportTest_UltiEmpSpare -->
  <testcase classname="com.hrsoft.test.datamanagement.ApiFeedTestSuite" name="SMAPI18_UMEI_API_apiFeedImportTest_AdpDemographic" time="2.003">
    <skipped/>
  </testcase> <!-- SMAPI18_UMEI_API_apiFeedImportTest_AdpDemographic -->
  <testcase classname="com.hrsoft.test.datamanagement.ApiFeedTestSuite" name="setup" time="4.013">
    <error message="Could not start a new session. Response code 500. Message: session not created
from no such execution context: loader has changed while resolving nodes
  (Session info: MicrosoftEdge=115.0.1901.188) 
Host info: host: &#039;QA001OHIO&#039;, ip: &#039;10.42.252.37&#039;
Build info: version: &#039;4.10.0&#039;, revision: &#039;c14d967899&#039;
System info: os.name: &#039;Windows Server 2022&#039;, os.arch: &#039;amd64&#039;, os.version: &#039;10.0&#039;, java.version: &#039;17.0.7&#039;
Driver info: org.openqa.selenium.edge.EdgeDriver
Command: [null, newSession {capabilities=[Capabilities {browserName: MicrosoftEdge, ms:edgeOptions: {args: [--remote-allow-origins=*, --disable-notifications, --disable-extensions, --start-maximized], excludeSwitches: [load-extension, enable-automation], extensions: [], prefs: {credentials_enable_service: false, profile.password_manager_enabled: false}}}]}]" type="org.openqa.selenium.SessionNotCreatedException">
      <![CDATA[org.openqa.selenium.SessionNotCreatedException: Could not start a new session. Response code 500. Message: session not created
from no such execution context: loader has changed while resolving nodes
  (Session info: MicrosoftEdge=115.0.1901.188) 
Host info: host: 'QA001OHIO', ip: '10.42.252.37'
Build info: version: '4.10.0', revision: 'c14d967899'
System info: os.name: 'Windows Server 2022', os.arch: 'amd64', os.version: '10.0', java.version: '17.0.7'
Driver info: org.openqa.selenium.edge.EdgeDriver
Command: [null, newSession {capabilities=[Capabilities {browserName: MicrosoftEdge, ms:edgeOptions: {args: [--remote-allow-origins=*, --disable-notifications, --disable-extensions, --start-maximized], excludeSwitches: [load-extension, enable-automation], extensions: [], prefs: {credentials_enable_service: false, profile.password_manager_enabled: false}}}]}]
at org.openqa.selenium.remote.ProtocolHandshake.createSession(ProtocolHandshake.java:140)
at org.openqa.selenium.remote.ProtocolHandshake.createSession(ProtocolHandshake.java:96)
at org.openqa.selenium.remote.ProtocolHandshake.createSession(ProtocolHandshake.java:68)
at org.openqa.selenium.remote.HttpCommandExecutor.execute(HttpCommandExecutor.java:163)
at org.openqa.selenium.remote.service.DriverCommandExecutor.invokeExecute(DriverCommandExecutor.java:196)
at org.openqa.selenium.remote.service.DriverCommandExecutor.execute(DriverCommandExecutor.java:171)
at org.openqa.selenium.remote.RemoteWebDriver.execute(RemoteWebDriver.java:531)
at org.openqa.selenium.remote.RemoteWebDriver.startSession(RemoteWebDriver.java:227)
at org.openqa.selenium.remote.RemoteWebDriver.<init>(RemoteWebDriver.java:154)
at org.openqa.selenium.chromium.ChromiumDriver.<init>(ChromiumDriver.java:107)
at org.openqa.selenium.edge.EdgeDriver.<init>(EdgeDriver.java:59)
at org.openqa.selenium.edge.EdgeDriver.<init>(EdgeDriver.java:55)
at org.openqa.selenium.edge.EdgeDriver.<init>(EdgeDriver.java:47)
at com.hrsoft.driver.manager.web.local.EdgeManager.getDriver(EdgeManager.java:33)
at com.hrsoft.driver.factory.web.local.LocalDriverFactory.getDriver(LocalDriverFactory.java:28)
at com.hrsoft.driver.implement.LocalWebDriveImp.getDriver(LocalWebDriveImp.java:14)
at com.hrsoft.driver.Driver.initDriverWeb(Driver.java:20)
at com.hrsoft.test.setuphelpers.WebBaseTest.setup(WebBaseTest.java:36)
at jdk.internal.reflect.GeneratedMethodAccessor9.invoke(Unknown Source)
at java.base/jdk.internal.reflect.DelegatingMethodAccessorImpl.invoke(DelegatingMethodAccessorImpl.java:43)
at java.base/java.lang.reflect.Method.invoke(Method.java:568)
at org.testng.internal.invokers.MethodInvocationHelper.invokeMethod(MethodInvocationHelper.java:139)
at org.testng.internal.invokers.MethodInvocationHelper.invokeMethodConsideringTimeout(MethodInvocationHelper.java:69)
at org.testng.internal.invokers.ConfigInvoker.invokeConfigurationMethod(ConfigInvoker.java:390)
at org.testng.internal.invokers.ConfigInvoker.invokeConfigurations(ConfigInvoker.java:325)
at org.testng.internal.invokers.TestInvoker.runConfigMethods(TestInvoker.java:810)
at org.testng.internal.invokers.TestInvoker.invokeMethod(TestInvoker.java:577)
at org.testng.internal.invokers.TestInvoker.invokeTestMethod(TestInvoker.java:227)
at org.testng.internal.invokers.MethodRunner.runInSequence(MethodRunner.java:50)
at org.testng.internal.invokers.TestInvoker$MethodInvocationAgent.invoke(TestInvoker.java:957)
at org.testng.internal.invokers.TestInvoker.invokeTestMethods(TestInvoker.java:200)
at org.testng.internal.invokers.TestMethodWorker.invokeTestMethods(TestMethodWorker.java:148)
at org.testng.internal.invokers.TestMethodWorker.run(TestMethodWorker.java:128)
at java.base/java.util.ArrayList.forEach(ArrayList.java:1511)
at org.testng.TestRunner.privateRun(TestRunner.java:848)
at org.testng.TestRunner.run(TestRunner.java:621)
at org.testng.SuiteRunner.runTest(SuiteRunner.java:443)
at org.testng.SuiteRunner.runSequentially(SuiteRunner.java:437)
at org.testng.SuiteRunner.privateRun(SuiteRunner.java:397)
at org.testng.SuiteRunner.run(SuiteRunner.java:336)
at org.testng.SuiteRunnerWorker.runSuite(SuiteRunnerWorker.java:52)
at org.testng.SuiteRunnerWorker.run(SuiteRunnerWorker.java:95)
at org.testng.TestNG.runSuitesSequentially(TestNG.java:1280)
at org.testng.TestNG.runSuitesLocally(TestNG.java:1200)
at org.testng.TestNG.runSuites(TestNG.java:1114)
at org.testng.TestNG.run(TestNG.java:1082)
at org.testng.remote.AbstractRemoteTestNG.run(AbstractRemoteTestNG.java:115)
at org.testng.remote.RemoteTestNG.initAndRun(RemoteTestNG.java:251)
at org.testng.remote.RemoteTestNG.main(RemoteTestNG.java:77)
]]>
    </error>
  </testcase> <!-- setup -->
  <testcase classname="com.hrsoft.test.datamanagement.ApiFeedTestSuite" name="SMAPI14_UMEI_API_apiFeedPreviewTest_AdpDemographic" time="2.194">
    <skipped/>
  </testcase> <!-- SMAPI14_UMEI_API_apiFeedPreviewTest_AdpDemographic -->
  <testcase classname="com.hrsoft.test.datamanagement.ApiFeedTestSuite" name="SMAPI44_UMEI_API_apiFeedImportTestAdpJobCode" time="2.535">
    <skipped/>
  </testcase> <!-- SMAPI44_UMEI_API_apiFeedImportTestAdpJobCode -->
  <testcase classname="com.hrsoft.test.datamanagement.ApiFeedTestSuite" name="SMAPI27_UMEI_API_apiFeedImportTest_UltiPerfRatingEmp" time="2.362">
    <skipped/>
  </testcase> <!-- SMAPI27_UMEI_API_apiFeedImportTest_UltiPerfRatingEmp -->
  <testcase classname="com.hrsoft.test.datamanagement.ApiFeedTestSuite" name="SMAPI26_UMEI_API_apiFeedImportTest_AdpMarkerData" time="2.046">
    <skipped/>
  </testcase> <!-- SMAPI26_UMEI_API_apiFeedImportTest_AdpMarkerData -->
  <testcase classname="com.hrsoft.test.datamanagement.ApiFeedTestSuite" name="SMAPI12_UMEI_API_apiEndpointIdEditTest" time="2.038">
    <skipped/>
  </testcase> <!-- SMAPI12_UMEI_API_apiEndpointIdEditTest -->
  <testcase classname="com.hrsoft.test.datamanagement.ApiFeedTestSuite" name="SMAPI04_UMEI_API_checkingUltiSetIdAttributeTest" time="2.117">
    <skipped/>
  </testcase> <!-- SMAPI04_UMEI_API_checkingUltiSetIdAttributeTest -->
  <testcase classname="com.hrsoft.test.datamanagement.ApiFeedTestSuite" name="SMAPI08_UMEI_API_editEndpointPathTest" time="2.079">
    <skipped/>
  </testcase> <!-- SMAPI08_UMEI_API_editEndpointPathTest -->
  <testcase classname="com.hrsoft.test.datamanagement.ApiFeedTestSuite" name="SMAPI22_UMEI_API_apiFeedPreviewTest_UltiEmpSpare" time="1.978">
    <skipped/>
  </testcase> <!-- SMAPI22_UMEI_API_apiFeedPreviewTest_UltiEmpSpare -->
  <testcase classname="com.hrsoft.test.datamanagement.ApiFeedTestSuite" name="teardown" time="2.182">
    <error message="Cannot invoke &quot;org.assertj.core.api.SoftAssertions.assertAll()&quot; because &quot;this.softAssertions&quot; is null" type="java.lang.NullPointerException">
      <![CDATA[java.lang.NullPointerException: Cannot invoke "org.assertj.core.api.SoftAssertions.assertAll()" because "this.softAssertions" is null
at com.hrsoft.test.setuphelpers.WebBaseTest.teardown(WebBaseTest.java:44)
at jdk.internal.reflect.GeneratedMethodAccessor10.invoke(Unknown Source)
at java.base/jdk.internal.reflect.DelegatingMethodAccessorImpl.invoke(DelegatingMethodAccessorImpl.java:43)
at java.base/java.lang.reflect.Method.invoke(Method.java:568)
at org.testng.internal.invokers.MethodInvocationHelper.invokeMethod(MethodInvocationHelper.java:139)
at org.testng.internal.invokers.MethodInvocationHelper.invokeMethodConsideringTimeout(MethodInvocationHelper.java:69)
at org.testng.internal.invokers.ConfigInvoker.invokeConfigurationMethod(ConfigInvoker.java:390)
at org.testng.internal.invokers.ConfigInvoker.invokeConfigurations(ConfigInvoker.java:325)
at org.testng.internal.invokers.TestInvoker.runConfigMethods(TestInvoker.java:810)
at org.testng.internal.invokers.TestInvoker.runAfterConfigurations(TestInvoker.java:779)
at org.testng.internal.invokers.TestInvoker.invokeMethod(TestInvoker.java:600)
at org.testng.internal.invokers.TestInvoker.invokeTestMethod(TestInvoker.java:227)
at org.testng.internal.invokers.MethodRunner.runInSequence(MethodRunner.java:50)
at org.testng.internal.invokers.TestInvoker$MethodInvocationAgent.invoke(TestInvoker.java:957)
at org.testng.internal.invokers.TestInvoker.invokeTestMethods(TestInvoker.java:200)
at org.testng.internal.invokers.TestMethodWorker.invokeTestMethods(TestMethodWorker.java:148)
at org.testng.internal.invokers.TestMethodWorker.run(TestMethodWorker.java:128)
at java.base/java.util.ArrayList.forEach(ArrayList.java:1511)
at org.testng.TestRunner.privateRun(TestRunner.java:848)
at org.testng.TestRunner.run(TestRunner.java:621)
at org.testng.SuiteRunner.runTest(SuiteRunner.java:443)
at org.testng.SuiteRunner.runSequentially(SuiteRunner.java:437)
at org.testng.SuiteRunner.privateRun(SuiteRunner.java:397)
at org.testng.SuiteRunner.run(SuiteRunner.java:336)
at org.testng.SuiteRunnerWorker.runSuite(SuiteRunnerWorker.java:52)
at org.testng.SuiteRunnerWorker.run(SuiteRunnerWorker.java:95)
at org.testng.TestNG.runSuitesSequentially(TestNG.java:1280)
at org.testng.TestNG.runSuitesLocally(TestNG.java:1200)
at org.testng.TestNG.runSuites(TestNG.java:1114)
at org.testng.TestNG.run(TestNG.java:1082)
at org.testng.remote.AbstractRemoteTestNG.run(AbstractRemoteTestNG.java:115)
at org.testng.remote.RemoteTestNG.initAndRun(RemoteTestNG.java:251)
at org.testng.remote.RemoteTestNG.main(RemoteTestNG.java:77)
]]>
    </error>
  </testcase> <!-- teardown -->
  <testcase classname="com.hrsoft.test.datamanagement.ApiFeedTestSuite" name="SMAPI20_UMEI_API_apiFeedPreviewTest_UltiP4PDemographic" time="2.060">
    <skipped/>
  </testcase> <!-- SMAPI20_UMEI_API_apiFeedPreviewTest_UltiP4PDemographic -->
  <testcase classname="com.hrsoft.test.datamanagement.ApiFeedTestSuite" name="SMAPI23_UMEI_API_apiFeedPreviewTest_AdpMarkerData" time="2.103">
    <skipped/>
  </testcase> <!-- SMAPI23_UMEI_API_apiFeedPreviewTest_AdpMarkerData -->
  <testcase classname="com.hrsoft.test.datamanagement.ApiFeedTestSuite" name="SMAPI24_UMEI_API_apiFeedPreviewTest_UltiPerfRatingEmp" time="2.070">
    <skipped/>
  </testcase> <!-- SMAPI24_UMEI_API_apiFeedPreviewTest_UltiPerfRatingEmp -->
  <testcase classname="com.hrsoft.test.datamanagement.ApiFeedTestSuite" name="SMAPI45_UMEI_API_apiFeedImportTest_AdpEmpSpares" time="2.339">
    <skipped/>
  </testcase> <!-- SMAPI45_UMEI_API_apiFeedImportTest_AdpEmpSpares -->
  <testcase classname="com.hrsoft.test.datamanagement.ApiFeedTestSuite" name="SMAPI37_UMEI_API_previewGridAndCheckForTransformValueOfPartTimeFactorTest" time="2.156">
    <skipped/>
  </testcase> <!-- SMAPI37_UMEI_API_previewGridAndCheckForTransformValueOfPartTimeFactorTest -->
  <testcase classname="com.hrsoft.test.datamanagement.ApiFeedTestSuite" name="SMAPI17_UMEI_API_apiFeedImportTest_UltiDemographic" time="2.213">
    <skipped/>
  </testcase> <!-- SMAPI17_UMEI_API_apiFeedImportTest_UltiDemographic -->
  <testcase classname="com.hrsoft.test.datamanagement.ApiFeedTestSuite" name="SMAPI09_UMEI_API_isEndpointNameDisableTest" time="2.048">
    <skipped/>
  </testcase> <!-- SMAPI09_UMEI_API_isEndpointNameDisableTest -->
  <testcase classname="com.hrsoft.test.datamanagement.ApiFeedTestSuite" name="SMAPI16_UMEI_API_apiFeedPreviewTest_AdpJobCode" time="2.021">
    <skipped/>
  </testcase> <!-- SMAPI16_UMEI_API_apiFeedPreviewTest_AdpJobCode -->
  <testcase classname="com.hrsoft.test.datamanagement.ApiFeedTestSuite" name="SMAPI32_UMEI_API_isTransformNameCannotBeModifiedTest" time="2.672">
    <skipped/>
  </testcase> <!-- SMAPI32_UMEI_API_isTransformNameCannotBeModifiedTest -->
  <testcase classname="com.hrsoft.test.datamanagement.ApiFeedTestSuite" name="SMAPI05_UMEI_API_editUltiSetIdAttributeTest" time="2.006">
    <skipped/>
  </testcase> <!-- SMAPI05_UMEI_API_editUltiSetIdAttributeTest -->
  <testcase classname="com.hrsoft.test.datamanagement.ApiFeedTestSuite" name="SMAPI10_UMEI_API_editTransformActiveStatusTest" time="2.090">
    <skipped/>
  </testcase> <!-- SMAPI10_UMEI_API_editTransformActiveStatusTest -->
  <testcase classname="com.hrsoft.test.datamanagement.ApiFeedTestSuite" name="SMAPI40_UMEI_API_apiDataProviderFeedConfigureTest" time="2.745">
    <skipped/>
  </testcase> <!-- SMAPI40_UMEI_API_apiDataProviderFeedConfigureTest -->
  <testcase classname="com.hrsoft.test.datamanagement.ApiFeedTestSuite" name="SMAPI06_UMEI_API_checkingADPSetIdAttributeTest" time="2.063">
    <skipped/>
  </testcase> <!-- SMAPI06_UMEI_API_checkingADPSetIdAttributeTest -->
  <testcase classname="com.hrsoft.test.datamanagement.ApiFeedTestSuite" name="SMAPI13_UMEI_API_apiFeedPreviewTest_UltiDemographic" time="2.034">
    <skipped/>
  </testcase> <!-- SMAPI13_UMEI_API_apiFeedPreviewTest_UltiDemographic -->
  <testcase classname="com.hrsoft.test.datamanagement.ApiFeedTestSuite" name="SMAPI19_UMEI_API_apiFeedImportTest_UltiJobCode" time="2.095">
    <skipped/>
  </testcase> <!-- SMAPI19_UMEI_API_apiFeedImportTest_UltiJobCode -->
  <testcase classname="com.hrsoft.test.datamanagement.ApiFeedTestSuite" name="SMAPI21_UMEI_API_apiFeedImportTestUltiP4PDemographic" time="2.301">
    <skipped/>
  </testcase> <!-- SMAPI21_UMEI_API_apiFeedImportTestUltiP4PDemographic -->
  <testcase classname="com.hrsoft.test.datamanagement.ApiFeedTestSuite" name="SMAPI02_UMEI_API_editPartnerCfgMainApiUrl" time="1.945">
    <skipped/>
  </testcase> <!-- SMAPI02_UMEI_API_editPartnerCfgMainApiUrl -->
  <testcase classname="com.hrsoft.test.datamanagement.ApiFeedTestSuite" name="SMAPI46_UMEI_API_apiFeedPreviewTest_AdpEmpSpare" time="0.000">
    <skipped/>
  </testcase> <!-- SMAPI46_UMEI_API_apiFeedPreviewTest_AdpEmpSpare -->
  <testcase classname="com.hrsoft.test.datamanagement.ApiFeedTestSuite" name="SMAPI39_UMEI_API_feedCloneInFeedMangementTest" time="0.000">
    <skipped/>
  </testcase> <!-- SMAPI39_UMEI_API_feedCloneInFeedMangementTest -->
  <testcase classname="com.hrsoft.test.datamanagement.ApiFeedTestSuite" name="SMAPI31_UMEI_API_apiFeedImportTest_UltiPlaformEmpSpares" time="0.000">
    <skipped/>
  </testcase> <!-- SMAPI31_UMEI_API_apiFeedImportTest_UltiPlaformEmpSpares -->
</testsuite> <!-- com.hrsoft.test.datamanagement.ApiFeedTestSuite -->
