<?xml version="1.0" encoding="UTF-8"?>
<!-- Generated by org.testng.reporters.JUnitReportReporter -->
<testsuite hostname="QA001Ohio" failures="0" tests="4" name="com.hrsoft.test.common.GenericTestSuite" time="32.788" errors="0" timestamp="2023-08-02T15:02:58 UTC" skipped="0">
  <testcase classname="com.hrsoft.test.common.GenericTestSuite" name="SM_09_CompView_Planning_ManagerCanOpenOwnLinkFromLeftNav" time="10.222"/>
  <testcase classname="com.hrsoft.test.common.GenericTestSuite" name="SM_6A_CompView_PlanningCan_AccessCoPlannedGroup" time="7.796"/>
  <testcase classname="com.hrsoft.test.common.GenericTestSuite" name="SM_6B_CompView_Reviewing_CanOpenReviewedGroups" time="7.725"/>
  <testcase classname="com.hrsoft.test.common.GenericTestSuite" name="SM_07_CompView_Reviewing_EmpAwardChangesAccordingly" time="7.045"/>
</testsuite> <!-- com.hrsoft.test.common.GenericTestSuite -->
