<?xml version="1.0" encoding="UTF-8"?>
<!-- Generated by org.testng.reporters.JUnitReportReporter -->
<testsuite hostname="QA001Ohio" failures="0" tests="9" name="com.hrsoft.test.datamanagement.ApiFeedRegressionTestSuite" time="902.730" errors="0" timestamp="2023-08-02T15:02:58 UTC" skipped="0">
  <testcase classname="com.hrsoft.test.datamanagement.ApiFeedRegressionTestSuite" name="RG_API_12_UMEI_API_previewToCheckEmpIdExcludeAttribute" time="125.339"/>
  <testcase classname="com.hrsoft.test.datamanagement.ApiFeedRegressionTestSuite" name="RG_API_08_UMEI_API_previewToCheckEmpIdAttribute" time="105.506"/>
  <testcase classname="com.hrsoft.test.datamanagement.ApiFeedRegressionTestSuite" name="RG_API_13_UMEI_API_previewToCheckExcludeHireDateGreaterAttribute" time="115.143"/>
  <testcase classname="com.hrsoft.test.datamanagement.ApiFeedRegressionTestSuite" name="RG_API_06_UMEI_API_previewToCheckIncludeTermGreaterThenDateAttribute" time="72.687"/>
  <testcase classname="com.hrsoft.test.datamanagement.ApiFeedRegressionTestSuite" name="RG_API_11_UMEI_API_previewToCheckEmployeeTypeCodeExcludeAttribute" time="109.670"/>
  <testcase classname="com.hrsoft.test.datamanagement.ApiFeedRegressionTestSuite" name="RG_API_09_UMEI_API_previewToCheckEmpIdAsUserNameAttribute" time="119.426"/>
  <testcase classname="com.hrsoft.test.datamanagement.ApiFeedRegressionTestSuite" name="RG_API_10_UMEI_API_previewToCheckEmployeeTypeCodeAttribute" time="111.474"/>
  <testcase classname="com.hrsoft.test.datamanagement.ApiFeedRegressionTestSuite" name="RG_API_07_UMEI_API_previewToCheckEmpIdAsUsernameAttribute" time="70.348"/>
  <testcase classname="com.hrsoft.test.datamanagement.ApiFeedRegressionTestSuite" name="RG_API_02_UMEI_API_previewToCheckRemoveTermAttributesTest" time="73.137"/>
</testsuite> <!-- com.hrsoft.test.datamanagement.ApiFeedRegressionTestSuite -->
