<?xml version="1.0" encoding="UTF-8"?>
<!-- Generated by org.testng.reporters.JUnitReportReporter -->
<testsuite hostname="QA001Ohio" failures="0" tests="4" name="com.hrsoft.test.compensation.DistributeFundTestSuite" time="78.758" errors="0" timestamp="2023-08-02T15:02:58 UTC" skipped="4">
  <testcase classname="com.hrsoft.test.compensation.DistributeFundTestSuite" name="SM_175_176_Verify_CascadingBudget_For_Rollup_Group" time="19.136">
    <skipped/>
  </testcase> <!-- SM_175_176_Verify_CascadingBudget_For_Rollup_Group -->
  <testcase classname="com.hrsoft.test.compensation.DistributeFundTestSuite" name="SM_171_172_CompensationDistributionFund_OpenDistFundPageAndEnterBudget" time="21.015">
    <skipped/>
  </testcase> <!-- SM_171_172_CompensationDistributionFund_OpenDistFundPageAndEnterBudget -->
  <testcase classname="com.hrsoft.test.compensation.DistributeFundTestSuite" name="SM_173_CompensationDistributionFund_holdBackAmounttAndDistAmountCalculation" time="19.148">
    <skipped/>
  </testcase> <!-- SM_173_CompensationDistributionFund_holdBackAmounttAndDistAmountCalculation -->
  <testcase classname="com.hrsoft.test.compensation.DistributeFundTestSuite" name="SM_174_CompensationDistributionFund_EnterBudgetAndVerifyByProxying" time="19.459">
    <skipped/>
  </testcase> <!-- SM_174_CompensationDistributionFund_EnterBudgetAndVerifyByProxying -->
</testsuite> <!-- com.hrsoft.test.compensation.DistributeFundTestSuite -->
