<?xml version="1.0" encoding="UTF-8"?>
<!-- Generated by org.testng.reporters.JUnitReportReporter -->
<testsuite hostname="QA001Ohio" failures="0" tests="1" name="com.hrsoft.test.setuphelpers.DBTest" time="6.244" errors="0" timestamp="2023-07-04T15:52:37 UTC" skipped="0">
  <testcase classname="com.hrsoft.test.setuphelpers.DBTest" name="dbMethod" time="6.244"/>
</testsuite> <!-- com.hrsoft.test.setuphelpers.DBTest -->
