<?xml version="1.0" encoding="UTF-8"?>
<!-- Generated by org.testng.reporters.JUnitReportReporter -->
<testsuite hostname="QA001Ohio" failures="0" tests="1" name="com.hrsoft.test.buiderqa.OpenAIIntegration" time="39.618" errors="0" timestamp="2023-09-18T12:14:24 UTC" skipped="0">
  <testcase classname="com.hrsoft.test.buiderqa.OpenAIIntegration" name="openAIClient" time="39.618"/>
</testsuite> <!-- com.hrsoft.test.buiderqa.OpenAIIntegration -->
