<?xml version="1.0" encoding="UTF-8"?>
<!-- Generated by org.testng.reporters.JUnitReportReporter -->
<testsuite hostname="QA001Ohio" failures="0" tests="1" name="com.hrsoft.test.buiderqa.fileWriter" time="4.099" errors="0" timestamp="2023-10-04T12:53:11 UTC" skipped="0">
  <testcase classname="com.hrsoft.test.buiderqa.fileWriter" name="testMile" time="4.099"/>
</testsuite> <!-- com.hrsoft.test.buiderqa.fileWriter -->
