<?xml version="1.0" encoding="UTF-8"?>
<!-- Generated by org.testng.reporters.JUnitReportReporter -->
<testsuite hostname="QA001Ohio" failures="0" tests="1" name="com.hrsoft.test.buiderqa.ApiConversation3Promots" time="2.746" errors="0" timestamp="2023-10-04T15:50:53 UTC" skipped="0">
  <testcase classname="com.hrsoft.test.buiderqa.ApiConversation3Promots" name="generatePromptResponse" time="2.746"/>
</testsuite> <!-- com.hrsoft.test.buiderqa.ApiConversation3Promots -->
