<?xml version="1.0" encoding="UTF-8"?>
<!-- Generated by org.testng.reporters.JUnitReportReporter -->
<testsuite hostname="QA001Ohio" failures="0" tests="2" name="com.hrsoft.test.compensation.CompManageFilterTestSuite" time="53.918" errors="0" timestamp="2023-08-02T15:02:58 UTC" skipped="2">
  <testcase classname="com.hrsoft.test.compensation.CompManageFilterTestSuite" name="SM_88_90_CompensationFilters_copyAndDeleteFilter" time="33.490">
    <skipped/>
  </testcase> <!-- SM_88_90_CompensationFilters_copyAndDeleteFilter -->
  <testcase classname="com.hrsoft.test.compensation.CompManageFilterTestSuite" name="SM_91_94_CompensationFilters_CreateNewFilterAndDelete" time="20.428">
    <skipped/>
  </testcase> <!-- SM_91_94_CompensationFilters_CreateNewFilterAndDelete -->
</testsuite> <!-- com.hrsoft.test.compensation.CompManageFilterTestSuite -->
