<?xml version="1.0" encoding="UTF-8"?>
<!-- Generated by org.testng.reporters.JUnitReportReporter -->
<testsuite hostname="QA001Ohio" failures="0" tests="1" name="com.hrsoft.test.buiderqa.OpenAIApiConversation" time="105.620" errors="0" timestamp="2023-09-25T12:17:45 UTC" skipped="0">
  <testcase classname="com.hrsoft.test.buiderqa.OpenAIApiConversation" name="generatePromptResponse" time="105.620"/>
</testsuite> <!-- com.hrsoft.test.buiderqa.OpenAIApiConversation -->
